<?xml version="1.0" encoding="UTF-8" standalone="yes"?><!DOCTYPE report PUBLIC "-//JACOCO//DTD Report 1.0//EN" "report.dtd"><report name="gameoflife-build"><sessioninfo id="Danik-PC-6ead781c" start="1421929730310" dump="1421929730876"/><sessioninfo id="Danik-PC-10a46296" start="1421929733626" dump="1421929734097"/><sessioninfo id="Danik-PC-c282b902" start="1421929736674" dump="1421929737182"/><sessioninfo id="Danik-PC-8a751688" start="1421929737782" dump="1421929738516"/><sessioninfo id="NotFel-44c99616" start="1425489748270" dump="1425489748665"/><sessioninfo id="NotFel-d7107d77" start="1425489910470" dump="1425489910919"/><sessioninfo id="NotFel-b396f8e7" start="1425489940539" dump="1425489940944"/><sessioninfo id="NotFel-58b53e4d" start="1425489941396" dump="1425489941785"/><sessioninfo id="NotFel-6d4b7535" start="1425490026519" dump="1425490026923"/><sessioninfo id="NotFel-8c00de19" start="1425490027362" dump="1425490027752"/></report>