<?xml version="1.0" encoding="UTF-8" standalone="yes"?><!DOCTYPE report PUBLIC "-//JACOCO//DTD Report 1.0//EN" "report.dtd"><report name="gameoflife"><sessioninfo id="Danik-PC-4750c6fe" start="1421929730161" dump="1421929730556"/><sessioninfo id="Danik-PC-f53ae61a" start="1421929733110" dump="1421929733589"/><sessioninfo id="NotFel-f9ad5ba2" start="1425489746536" dump="1425489746941"/><sessioninfo id="NotFel-40c5eff" start="1425489908577" dump="1425489909046"/><sessioninfo id="NotFel-d38e9dd6" start="1425489936905" dump="1425489937305"/><sessioninfo id="NotFel-db7c5ebe" start="1425489938153" dump="1425489938559"/><sessioninfo id="NotFel-b92ab01b" start="1425490023656" dump="1425490024084"/><sessioninfo id="NotFel-54afbd3" start="1425490024947" dump="1425490025335"/></report>